<?xml version="1.0" encoding="UTF-8"?>
<testsuite xmlns:xsi="http://www.w3.org/2001/XMLSchema-instance" xsi:noNamespaceSchemaLocation="https://maven.apache.org/surefire/maven-surefire-plugin/xsd/surefire-test-report-3.0.xsd" version="3.0" name="com.backendVn.SWP.SwpApplicationTests" time="11.946" tests="1" errors="0" skipped="0" failures="0">
  <properties>
[...]
</properties>
  <testcase name="contextLoads" classname="com.backendVn.SWP.SwpApplicationTests" time="0.423">
    <system-out><![CDATA[12:48:04.304 [main] INFO org.springframework.test.context.support.AnnotationConfigContextLoaderUtils -- Could not detect default configuration classes for test class [com.backendVn.SWP.SwpApplicationTests]: SwpApplicationTests does not declare any static, non-private, non-final, nested classes annotated with @Configuration.
12:48:04.428 [main] INFO org.springframework.boot.test.context.SpringBootTestContextBootstrapper -- Found @SpringBootConfiguration com.backendVn.SWP.SwpApplication for test class com.backendVn.SWP.SwpApplicationTests
  .   ____          _            __ _ _
 /\\ / ___'_ __ _ _(_)_ __  __ _ \ \ \ \
( ( )\___ | '_ | '_| | '_ \/ _` | \ \ \ \
 \\/  ___)| |_)| | | | | || (_| |  ) ) ) )
  '  |____| .__|_| |_|_| |_\__, | / / / /
 =========|_|==============|___/=/_/_/_/

 :: Spring Boot ::                (v3.3.0)

2024-07-23T12:48:05.163+07:00  INFO 16180 --- [           main] com.backendVn.SWP.SwpApplicationTests    : Starting SwpApplicationTests using Java 22.0.1 with PID 16180 (started by Truong Giang in D:\studying\FPT-lessons\SWP-391\Back_end\NET1814-SWP391-Jewelry-Production-Order-System-Group-1\SWP)
2024-07-23T12:48:05.165+07:00  INFO 16180 --- [           main] com.backendVn.SWP.SwpApplicationTests    : No active profile set, falling back to 1 default profile: "default"
2024-07-23T12:48:07.952+07:00  INFO 16180 --- [           main] .s.d.r.c.RepositoryConfigurationDelegate : Bootstrapping Spring Data JPA repositories in DEFAULT mode.
2024-07-23T12:48:08.232+07:00  INFO 16180 --- [           main] .s.d.r.c.RepositoryConfigurationDelegate : Finished Spring Data repository scanning in 269 ms. Found 11 JPA repository interfaces.
2024-07-23T12:48:08.606+07:00  INFO 16180 --- [           main] o.s.cloud.context.scope.GenericScope     : BeanFactory id=4b9fd5f5-5773-3c1d-9feb-be2931f0d058
2024-07-23T12:48:09.355+07:00  INFO 16180 --- [           main] o.hibernate.jpa.internal.util.LogHelper  : HHH000204: Processing PersistenceUnitInfo [name: default]
2024-07-23T12:48:09.451+07:00  INFO 16180 --- [           main] org.hibernate.Version                    : HHH000412: Hibernate ORM core version 6.5.2.Final
2024-07-23T12:48:09.510+07:00  INFO 16180 --- [           main] o.h.c.internal.RegionFactoryInitiator    : HHH000026: Second-level cache disabled
2024-07-23T12:48:09.938+07:00  INFO 16180 --- [           main] o.s.o.j.p.SpringPersistenceUnitInfo      : No LoadTimeWeaver setup: ignoring JPA class transformer
2024-07-23T12:48:09.977+07:00  INFO 16180 --- [           main] com.zaxxer.hikari.HikariDataSource       : HikariPool-1 - Starting...
2024-07-23T12:48:10.554+07:00  INFO 16180 --- [           main] com.zaxxer.hikari.pool.HikariPool        : HikariPool-1 - Added connection ConnectionID:1 ClientConnectionId: 28c8ae67-82f5-48b5-af79-7071eb93fe9a
2024-07-23T12:48:10.557+07:00  INFO 16180 --- [           main] com.zaxxer.hikari.HikariDataSource       : HikariPool-1 - Start completed.
2024-07-23T12:48:10.579+07:00  WARN 16180 --- [           main] org.hibernate.orm.deprecation            : HHH90000025: SQLServerDialect does not need to be specified explicitly using 'hibernate.dialect' (remove the property setting and it will be selected by default)
2024-07-23T12:48:11.725+07:00  INFO 16180 --- [           main] o.h.e.t.j.p.i.JtaPlatformInitiator       : HHH000489: No JTA platform available (set 'hibernate.transaction.jta.platform' to enable JTA platform integration)
2024-07-23T12:48:11.727+07:00  INFO 16180 --- [           main] j.LocalContainerEntityManagerFactoryBean : Initialized JPA EntityManagerFactory for persistence unit 'default'
2024-07-23T12:48:12.349+07:00  WARN 16180 --- [           main] JpaBaseConfiguration$JpaWebConfiguration : spring.jpa.open-in-view is enabled by default. Therefore, database queries may be performed during view rendering. Explicitly configure spring.jpa.open-in-view to disable this warning
2024-07-23T12:48:12.689+07:00  INFO 16180 --- [           main] o.s.d.j.r.query.QueryEnhancerFactory     : Hibernate is in classpath; If applicable, HQL parser will be used.
2024-07-23T12:48:14.572+07:00  INFO 16180 --- [           main] o.s.s.web.DefaultSecurityFilterChain     : Will secure any request with [org.springframework.security.web.session.DisableEncodeUrlFilter@2375cb0e, org.springframework.security.web.context.request.async.WebAsyncManagerIntegrationFilter@7a6ccc46, org.springframework.security.web.context.SecurityContextHolderFilter@180e1754, org.springframework.security.web.header.HeaderWriterFilter@4f9d220b, org.springframework.web.filter.CorsFilter@122c8b64, org.springframework.security.web.authentication.logout.LogoutFilter@3d233253, org.springframework.security.oauth2.server.resource.web.authentication.BearerTokenAuthenticationFilter@2986db02, org.springframework.security.web.savedrequest.RequestCacheAwareFilter@5b9b7370, org.springframework.security.web.servletapi.SecurityContextHolderAwareRequestFilter@14922268, org.springframework.security.web.authentication.AnonymousAuthenticationFilter@65ad56c2, org.springframework.security.web.access.ExceptionTranslationFilter@3de8af4d, org.springframework.security.web.access.intercept.AuthorizationFilter@6fc9f8bc]
2024-07-23T12:48:14.949+07:00  WARN 16180 --- [           main] ion$DefaultTemplateResolverConfiguration : Cannot find template location: classpath:/templates/ (please add some templates, check your Thymeleaf configuration, or set spring.thymeleaf.check-template-location=false)
2024-07-23T12:48:15.175+07:00  INFO 16180 --- [           main] com.backendVn.SWP.SwpApplicationTests    : Started SwpApplicationTests in 10.587 seconds (process running for 11.741)
]]></system-out>
    <system-err><![CDATA[WARNING: A Java agent has been loaded dynamically (C:\Users\truon\.m2\repository\net\bytebuddy\byte-buddy-agent\1.14.16\byte-buddy-agent-1.14.16.jar)
WARNING: If a serviceability tool is in use, please run with -XX:+EnableDynamicAgentLoading to hide this warning
WARNING: If a serviceability tool is not in use, please run with -Djdk.instrument.traceUsage for more information
WARNING: Dynamic loading of agents will be disallowed by default in a future release
]]></system-err>
  </testcase>
</testsuite>